# Logfile created on 2014-01-08 15:43:53 +0800 by logger.rb/36483
I, [2014-01-08T15:43:53.132757 #8496]  INFO -- : 0:  rake (0.9.2.2) from c:/Ruby200/lib/ruby/gems/2.0.0/specifications/rake-0.9.2.2.gemspec
I, [2014-01-08T15:43:53.134758 #8496]  INFO -- : 0:  RedCloth (4.2.9) from c:/Ruby200/lib/ruby/gems/2.0.0/specifications/RedCloth-4.2.9-x86-mingw32.gemspec
I, [2014-01-08T15:43:53.137758 #8496]  INFO -- : 0:  chunky_png (1.2.5) from c:/Ruby200/lib/ruby/gems/2.0.0/specifications/chunky_png-1.2.5.gemspec
I, [2014-01-08T15:43:53.139758 #8496]  INFO -- : 0:  fast-stemmer (1.0.1) from c:/Ruby200/lib/ruby/gems/2.0.0/specifications/fast-stemmer-1.0.1.gemspec
I, [2014-01-08T15:43:53.140758 #8496]  INFO -- : 0:  classifier (1.3.3) from c:/Ruby200/lib/ruby/gems/2.0.0/specifications/classifier-1.3.3.gemspec
I, [2014-01-08T15:43:53.142758 #8496]  INFO -- : 0:  fssm (0.2.9) from c:/Ruby200/lib/ruby/gems/2.0.0/specifications/fssm-0.2.9.gemspec
I, [2014-01-08T15:43:53.143758 #8496]  INFO -- : 0:  sass (3.2.9) from c:/Ruby200/lib/ruby/gems/2.0.0/specifications/sass-3.2.9.gemspec
I, [2014-01-08T15:43:53.145758 #8496]  INFO -- : 0:  compass (0.12.2) from c:/Ruby200/lib/ruby/gems/2.0.0/specifications/compass-0.12.2.gemspec
I, [2014-01-08T15:43:53.147758 #8496]  INFO -- : 0:  directory_watcher (1.4.1) from c:/Ruby200/lib/ruby/gems/2.0.0/specifications/directory_watcher-1.4.1.gemspec
I, [2014-01-08T15:43:53.148758 #8496]  INFO -- : 0:  haml (3.1.7) from c:/Ruby200/lib/ruby/gems/2.0.0/specifications/haml-3.1.7.gemspec
I, [2014-01-08T15:43:53.149758 #8496]  INFO -- : 0:  kramdown (0.13.8) from c:/Ruby200/lib/ruby/gems/2.0.0/specifications/kramdown-0.13.8.gemspec
I, [2014-01-08T15:43:53.151758 #8496]  INFO -- : 0:  liquid (2.3.0) from c:/Ruby200/lib/ruby/gems/2.0.0/specifications/liquid-2.3.0.gemspec
I, [2014-01-08T15:43:53.153759 #8496]  INFO -- : 0:  syntax (1.0.0) from c:/Ruby200/lib/ruby/gems/2.0.0/specifications/syntax-1.0.0.gemspec
I, [2014-01-08T15:43:53.155759 #8496]  INFO -- : 0:  maruku (0.6.1) from c:/Ruby200/lib/ruby/gems/2.0.0/specifications/maruku-0.6.1.gemspec
I, [2014-01-08T15:43:53.157759 #8496]  INFO -- : 0:  posix-spawn (0.3.6) from c:/Ruby200/lib/ruby/gems/2.0.0/specifications/posix-spawn-0.3.6.gemspec
I, [2014-01-08T15:43:53.158759 #8496]  INFO -- : 0:  yajl-ruby (1.1.0) from c:/Ruby200/lib/ruby/gems/2.0.0/specifications/yajl-ruby-1.1.0-x86-mingw32.gemspec
I, [2014-01-08T15:43:53.161759 #8496]  INFO -- : 0:  pygments.rb (0.3.4) from c:/Ruby200/lib/ruby/gems/2.0.0/specifications/pygments.rb-0.3.4.gemspec
I, [2014-01-08T15:43:53.162759 #8496]  INFO -- : 0:  jekyll (0.12.0) from c:/Ruby200/lib/ruby/gems/2.0.0/specifications/jekyll-0.12.0.gemspec
I, [2014-01-08T15:43:53.164759 #8496]  INFO -- : 0:  rack (1.5.2) from c:/Ruby200/lib/ruby/gems/2.0.0/specifications/rack-1.5.2.gemspec
I, [2014-01-08T15:43:53.167759 #8496]  INFO -- : 0:  rack-protection (1.5.0) from c:/Ruby200/lib/ruby/gems/2.0.0/specifications/rack-protection-1.5.0.gemspec
I, [2014-01-08T15:43:53.170760 #8496]  INFO -- : 0:  rb-fsevent (0.9.1) from c:/Ruby200/lib/ruby/gems/2.0.0/specifications/rb-fsevent-0.9.1.gemspec
I, [2014-01-08T15:43:53.172760 #8496]  INFO -- : 0:  rdiscount (2.0.7.3) from c:/Ruby200/lib/ruby/gems/2.0.0/specifications/rdiscount-2.0.7.3.gemspec
I, [2014-01-08T15:43:53.174760 #8496]  INFO -- : 0:  rubypants (0.2.0) from c:/Ruby200/lib/ruby/gems/2.0.0/specifications/rubypants-0.2.0.gemspec
I, [2014-01-08T15:43:53.176760 #8496]  INFO -- : 0:  sass-globbing (1.0.0) from c:/Ruby200/lib/ruby/gems/2.0.0/specifications/sass-globbing-1.0.0.gemspec
I, [2014-01-08T15:43:53.178760 #8496]  INFO -- : 0:  tilt (1.3.7) from c:/Ruby200/lib/ruby/gems/2.0.0/specifications/tilt-1.3.7.gemspec
I, [2014-01-08T15:43:53.180760 #8496]  INFO -- : 0:  sinatra (1.4.2) from c:/Ruby200/lib/ruby/gems/2.0.0/specifications/sinatra-1.4.2.gemspec
I, [2014-01-08T15:43:53.182760 #8496]  INFO -- : 0:  stringex (1.4.0) from c:/Ruby200/lib/ruby/gems/2.0.0/specifications/stringex-1.4.0.gemspec
I, [2014-01-08T15:43:53.183760 #8496]  INFO -- : 0:  bundler (1.5.1) from c:/Ruby200/lib/ruby/gems/2.0.0/specifications/bundler-1.5.1.gemspec
I, [2014-01-08T15:45:07.447008 #7816]  INFO -- : 0:  rake (0.9.6) from c:/Ruby200/lib/ruby/gems/2.0.0/specifications/default/rake-0.9.6.gemspec
I, [2014-01-08T15:45:07.450008 #7816]  INFO -- : 0:  RedCloth (4.2.9) from c:/Ruby200/lib/ruby/gems/2.0.0/specifications/RedCloth-4.2.9-x86-mingw32.gemspec
I, [2014-01-08T15:45:07.452008 #7816]  INFO -- : 0:  chunky_png (1.2.9) from c:/Ruby200/lib/ruby/gems/2.0.0/specifications/chunky_png-1.2.9.gemspec
I, [2014-01-08T15:45:07.454008 #7816]  INFO -- : 0:  fast-stemmer (1.0.2) from c:/Ruby200/lib/ruby/gems/2.0.0/specifications/fast-stemmer-1.0.2.gemspec
I, [2014-01-08T15:45:07.455008 #7816]  INFO -- : 0:  classifier (1.3.4) from c:/Ruby200/lib/ruby/gems/2.0.0/specifications/classifier-1.3.4.gemspec
I, [2014-01-08T15:45:07.458009 #7816]  INFO -- : 0:  fssm (0.2.10) from c:/Ruby200/lib/ruby/gems/2.0.0/specifications/fssm-0.2.10.gemspec
I, [2014-01-08T15:45:07.459009 #7816]  INFO -- : 0:  sass (3.2.13) from c:/Ruby200/lib/ruby/gems/2.0.0/specifications/sass-3.2.13.gemspec
I, [2014-01-08T15:45:07.461009 #7816]  INFO -- : 0:  compass (0.12.2) from c:/Ruby200/lib/ruby/gems/2.0.0/specifications/compass-0.12.2.gemspec
I, [2014-01-08T15:45:07.463009 #7816]  INFO -- : 0:  directory_watcher (1.4.1) from c:/Ruby200/lib/ruby/gems/2.0.0/specifications/directory_watcher-1.4.1.gemspec
I, [2014-01-08T15:45:07.465009 #7816]  INFO -- : 0:  haml (3.1.8) from c:/Ruby200/lib/ruby/gems/2.0.0/specifications/haml-3.1.8.gemspec
I, [2014-01-08T15:45:07.468009 #7816]  INFO -- : 0:  kramdown (0.14.2) from c:/Ruby200/lib/ruby/gems/2.0.0/specifications/kramdown-0.14.2.gemspec
I, [2014-01-08T15:45:07.470009 #7816]  INFO -- : 0:  liquid (2.3.0) from c:/Ruby200/lib/ruby/gems/2.0.0/specifications/liquid-2.3.0.gemspec
I, [2014-01-08T15:45:07.472009 #7816]  INFO -- : 0:  maruku (0.7.0) from c:/Ruby200/lib/ruby/gems/2.0.0/specifications/maruku-0.7.0.gemspec
I, [2014-01-08T15:45:07.474009 #7816]  INFO -- : 0:  posix-spawn (0.3.8) from c:/Ruby200/lib/ruby/gems/2.0.0/specifications/posix-spawn-0.3.8.gemspec
I, [2014-01-08T15:45:07.476010 #7816]  INFO -- : 0:  yajl-ruby (1.1.0) from c:/Ruby200/lib/ruby/gems/2.0.0/specifications/yajl-ruby-1.1.0-x86-mingw32.gemspec
I, [2014-01-08T15:45:07.478010 #7816]  INFO -- : 0:  pygments.rb (0.3.7) from c:/Ruby200/lib/ruby/gems/2.0.0/specifications/pygments.rb-0.3.7.gemspec
I, [2014-01-08T15:45:07.480010 #7816]  INFO -- : 0:  jekyll (0.12.1) from c:/Ruby200/lib/ruby/gems/2.0.0/specifications/jekyll-0.12.1.gemspec
I, [2014-01-08T15:45:07.482010 #7816]  INFO -- : 0:  rack (1.5.2) from c:/Ruby200/lib/ruby/gems/2.0.0/specifications/rack-1.5.2.gemspec
I, [2014-01-08T15:45:07.484010 #7816]  INFO -- : 0:  rack-protection (1.5.1) from c:/Ruby200/lib/ruby/gems/2.0.0/specifications/rack-protection-1.5.1.gemspec
I, [2014-01-08T15:45:07.486010 #7816]  INFO -- : 0:  rb-fsevent (0.9.4) from c:/Ruby200/lib/ruby/gems/2.0.0/specifications/rb-fsevent-0.9.4.gemspec
I, [2014-01-08T15:45:07.489010 #7816]  INFO -- : 0:  rdiscount (2.0.7.3) from c:/Ruby200/lib/ruby/gems/2.0.0/specifications/rdiscount-2.0.7.3.gemspec
I, [2014-01-08T15:45:07.491010 #7816]  INFO -- : 0:  rubypants (0.2.0) from c:/Ruby200/lib/ruby/gems/2.0.0/specifications/rubypants-0.2.0.gemspec
I, [2014-01-08T15:45:07.492010 #7816]  INFO -- : 0:  sass-globbing (1.0.0) from c:/Ruby200/lib/ruby/gems/2.0.0/specifications/sass-globbing-1.0.0.gemspec
I, [2014-01-08T15:45:07.493011 #7816]  INFO -- : 0:  tilt (1.4.1) from c:/Ruby200/lib/ruby/gems/2.0.0/specifications/tilt-1.4.1.gemspec
I, [2014-01-08T15:45:07.495011 #7816]  INFO -- : 0:  sinatra (1.4.4) from c:/Ruby200/lib/ruby/gems/2.0.0/specifications/sinatra-1.4.4.gemspec
I, [2014-01-08T15:45:07.496011 #7816]  INFO -- : 0:  stringex (1.4.0) from c:/Ruby200/lib/ruby/gems/2.0.0/specifications/stringex-1.4.0.gemspec
I, [2014-01-08T15:45:07.497011 #7816]  INFO -- : 0:  bundler (1.5.1) from c:/Ruby200/lib/ruby/gems/2.0.0/specifications/bundler-1.5.1.gemspec
I, [2014-01-08T16:31:54.356554 #6904]  INFO -- : 0:  rake (0.9.6) from D:/Ruby193/lib/ruby/gems/1.9.1/specifications/rake-0.9.6.gemspec
I, [2014-01-08T16:31:54.358554 #6904]  INFO -- : 0:  RedCloth (4.2.9) from D:/Ruby193/lib/ruby/gems/1.9.1/specifications/RedCloth-4.2.9-x86-mingw32.gemspec
I, [2014-01-08T16:32:11.276522 #6904]  INFO -- : 0:  chunky_png (1.2.9) from D:/Ruby193/lib/ruby/gems/1.9.1/specifications/chunky_png-1.2.9.gemspec
I, [2014-01-08T16:32:14.249692 #6904]  INFO -- : 0:  fast-stemmer (1.0.2) from D:/Ruby193/lib/ruby/gems/1.9.1/specifications/fast-stemmer-1.0.2.gemspec
I, [2014-01-08T16:32:19.673002 #6904]  INFO -- : 0:  classifier (1.3.4) from D:/Ruby193/lib/ruby/gems/1.9.1/specifications/classifier-1.3.4.gemspec
I, [2014-01-08T16:32:23.451218 #6904]  INFO -- : 0:  fssm (0.2.10) from D:/Ruby193/lib/ruby/gems/1.9.1/specifications/fssm-0.2.10.gemspec
I, [2014-01-08T16:32:28.974534 #6904]  INFO -- : 0:  sass (3.2.13) from D:/Ruby193/lib/ruby/gems/1.9.1/specifications/sass-3.2.13.gemspec
I, [2014-01-08T16:32:28.975534 #6904]  INFO -- : 0:  compass (0.12.2) from D:/Ruby193/lib/ruby/gems/1.9.1/specifications/compass-0.12.2.gemspec
I, [2014-01-08T16:32:28.976534 #6904]  INFO -- : 0:  directory_watcher (1.4.1) from D:/Ruby193/lib/ruby/gems/1.9.1/specifications/directory_watcher-1.4.1.gemspec
I, [2014-01-08T16:32:34.199833 #6904]  INFO -- : 0:  haml (3.1.8) from D:/Ruby193/lib/ruby/gems/1.9.1/specifications/haml-3.1.8.gemspec
I, [2014-01-08T16:32:40.086170 #6904]  INFO -- : 0:  kramdown (0.14.2) from D:/Ruby193/lib/ruby/gems/1.9.1/specifications/kramdown-0.14.2.gemspec
I, [2014-01-08T16:32:40.088170 #6904]  INFO -- : 0:  liquid (2.3.0) from D:/Ruby193/lib/ruby/gems/1.9.1/specifications/liquid-2.3.0.gemspec
I, [2014-01-08T16:32:44.358414 #6904]  INFO -- : 0:  maruku (0.7.0) from D:/Ruby193/lib/ruby/gems/1.9.1/specifications/maruku-0.7.0.gemspec
I, [2014-01-08T16:32:45.992507 #6904]  INFO -- : 0:  posix-spawn (0.3.8) from D:/Ruby193/lib/ruby/gems/1.9.1/specifications/posix-spawn-0.3.8.gemspec
I, [2014-01-08T16:32:45.993507 #6904]  INFO -- : 0:  yajl-ruby (1.1.0) from D:/Ruby193/lib/ruby/gems/1.9.1/specifications/yajl-ruby-1.1.0-x86-mingw32.gemspec
I, [2014-01-08T16:32:54.261980 #6904]  INFO -- : 0:  pygments.rb (0.3.7) from D:/Ruby193/lib/ruby/gems/1.9.1/specifications/pygments.rb-0.3.7.gemspec
I, [2014-01-08T16:32:59.807298 #6904]  INFO -- : 0:  jekyll (0.12.1) from D:/Ruby193/lib/ruby/gems/1.9.1/specifications/jekyll-0.12.1.gemspec
I, [2014-01-08T16:32:59.808298 #6904]  INFO -- : 0:  rack (1.5.2) from D:/Ruby193/lib/ruby/gems/1.9.1/specifications/rack-1.5.2.gemspec
I, [2014-01-08T16:33:04.205549 #6904]  INFO -- : 0:  rack-protection (1.5.1) from D:/Ruby193/lib/ruby/gems/1.9.1/specifications/rack-protection-1.5.1.gemspec
I, [2014-01-08T16:33:12.424019 #6904]  INFO -- : 0:  rb-fsevent (0.9.4) from D:/Ruby193/lib/ruby/gems/1.9.1/specifications/rb-fsevent-0.9.4.gemspec
I, [2014-01-08T16:33:12.426019 #6904]  INFO -- : 0:  rdiscount (2.0.7.3) from D:/Ruby193/lib/ruby/gems/1.9.1/specifications/rdiscount-2.0.7.3.gemspec
I, [2014-01-08T16:33:12.427019 #6904]  INFO -- : 0:  rubypants (0.2.0) from D:/Ruby193/lib/ruby/gems/1.9.1/specifications/rubypants-0.2.0.gemspec
I, [2014-01-08T16:33:12.430020 #6904]  INFO -- : 0:  sass-globbing (1.0.0) from D:/Ruby193/lib/ruby/gems/1.9.1/specifications/sass-globbing-1.0.0.gemspec
I, [2014-01-08T16:33:13.188063 #6904]  INFO -- : 0:  tilt (1.4.1) from D:/Ruby193/lib/ruby/gems/1.9.1/specifications/tilt-1.4.1.gemspec
I, [2014-01-08T16:33:22.118574 #6904]  INFO -- : 0:  sinatra (1.4.4) from D:/Ruby193/lib/ruby/gems/1.9.1/specifications/sinatra-1.4.4.gemspec
I, [2014-01-08T16:33:22.119574 #6904]  INFO -- : 0:  stringex (1.4.0) from D:/Ruby193/lib/ruby/gems/1.9.1/specifications/stringex-1.4.0.gemspec
I, [2014-01-08T16:33:22.120574 #6904]  INFO -- : 0:  bundler (1.5.1) from D:/Ruby193/lib/ruby/gems/1.9.1/specifications/bundler-1.5.1.gemspec
